<?xml version="1.0" encoding="utf-8"?>
<TestRun id="62a0fe3f-1a7d-45a8-bcfa-0be38c7993a4" name="@devin-box 2026-08-27 13:33:40" xmlns="http://microsoft.com/schemas/VisualStudio/TeamTest/2010">
  <Times creation="2026-08-27T13:33:40.7296641+00:00" queuing="2026-08-27T13:33:40.7296642+00:00" start="2026-08-27T13:33:39.7739164+00:00" finish="2026-08-27T13:33:40.7349195+00:00" />
  <TestSettings name="default" id="0b401bbc-7612-43ac-b1c5-7642c782122b">
    <Deployment runDeploymentRoot="_devin-box_2026-08-27_13_33_40" />
  </TestSettings>
  <Results>
    <UnitTestResult executionId="d940b271-e880-4361-b4cc-f06925fba4c0" testId="9b99f3bf-3d97-dd7c-407e-5a446063beaf" testName="Application.Tests.EducationServiceTests.Update_For_Successful_Update_Returns_True" computerName="devin-box" duration="00:00:00.0054932" startTime="2026-08-27T13:33:40.5774759+00:00" endTime="2026-08-27T13:33:40.5829831+00:00" testType="13cdc9d9-ddb5-4fa4-a97d-d965ccfc6d4b" outcome="Passed" testListId="8c84fa94-04c1-424b-9868-57a2d4851a1d" relativeResultsDirectory="d940b271-e880-4361-b4cc-f06925fba4c0" />
    <UnitTestResult executionId="e128f052-3b40-4a8a-b513-c52cd87fdc55" testId="bba93a6a-3618-bf5b-629c-ee291e1f0308" testName="Application.Tests.EducationServiceTests.Add_Returns_Added_EducationDto" computerName="devin-box" duration="00:00:00.1751078" startTime="2026-08-27T13:33:40.3864988+00:00" endTime="2026-08-27T13:33:40.5644328+00:00" testType="13cdc9d9-ddb5-4fa4-a97d-d965ccfc6d4b" outcome="Passed" testListId="8c84fa94-04c1-424b-9868-57a2d4851a1d" relativeResultsDirectory="e128f052-3b40-4a8a-b513-c52cd87fdc55" />
    <UnitTestResult executionId="fa6707a4-fbf6-4ea3-aee1-88234244279e" testId="ebdf1f54-4fd9-406e-55b1-555b1ce6009f" testName="Application.Tests.EducationServiceTests.Update_For_Id_Mismatch_Returns_False" computerName="devin-box" duration="00:00:00.0057245" startTime="2026-08-27T13:33:40.5763287+00:00" endTime="2026-08-27T13:33:40.5772736+00:00" testType="13cdc9d9-ddb5-4fa4-a97d-d965ccfc6d4b" outcome="Passed" testListId="8c84fa94-04c1-424b-9868-57a2d4851a1d" relativeResultsDirectory="fa6707a4-fbf6-4ea3-aee1-88234244279e" />
    <UnitTestResult executionId="bc86f160-b8a6-4c36-9ccf-581fb35db6a8" testId="fd90baab-1587-d9f4-6d1f-566510557989" testName="Application.Tests.EducationServiceTests.Delete_With_Existing_Id_Returns_True" computerName="devin-box" duration="00:00:00.0017566" startTime="2026-08-27T13:33:40.5966534+00:00" endTime="2026-08-27T13:33:40.5981723+00:00" testType="13cdc9d9-ddb5-4fa4-a97d-d965ccfc6d4b" outcome="Passed" testListId="8c84fa94-04c1-424b-9868-57a2d4851a1d" relativeResultsDirectory="bc86f160-b8a6-4c36-9ccf-581fb35db6a8" />
    <UnitTestResult executionId="8dd52c29-833d-4c5b-b5cf-fe9a651a73d0" testId="0704345b-b87b-bdc5-1ef4-f20f38221d77" testName="Application.Tests.EducationServiceTests.GetById_With_Data_Returns_EducationDto" computerName="devin-box" duration="00:00:00.0066444" startTime="2026-08-27T13:33:40.5754484+00:00" endTime="2026-08-27T13:33:40.5755676+00:00" testType="13cdc9d9-ddb5-4fa4-a97d-d965ccfc6d4b" outcome="Passed" testListId="8c84fa94-04c1-424b-9868-57a2d4851a1d" relativeResultsDirectory="8dd52c29-833d-4c5b-b5cf-fe9a651a73d0" />
    <UnitTestResult executionId="1dddf866-c76c-4b0d-b915-379768d27d53" testId="cc76318e-29f5-faa5-ddb0-7ca3e395aef4" testName="Application.Tests.EducationServiceTests.GetAll_With_Data_Returns_List_Of_EducationDto" computerName="devin-box" duration="00:00:00.0133192" startTime="2026-08-27T13:33:40.5833183+00:00" endTime="2026-08-27T13:33:40.5964079+00:00" testType="13cdc9d9-ddb5-4fa4-a97d-d965ccfc6d4b" outcome="Passed" testListId="8c84fa94-04c1-424b-9868-57a2d4851a1d" relativeResultsDirectory="1dddf866-c76c-4b0d-b915-379768d27d53" />
  </Results>
  <TestDefinitions>
    <UnitTest name="Application.Tests.EducationServiceTests.Update_For_Successful_Update_Returns_True" storage="/home/ubuntu/repos/webapi-sample-dotnet-7/tests/application.tests/bin/debug/net9.0/application.tests.dll" id="9b99f3bf-3d97-dd7c-407e-5a446063beaf">
      <Execution id="d940b271-e880-4361-b4cc-f06925fba4c0" />
      <TestMethod codeBase="/home/ubuntu/repos/WebAPI-Sample-DotNet-7/tests/Application.Tests/bin/Debug/net9.0/Application.Tests.dll" adapterTypeName="executor://xunit/VsTestRunner3/netcore/" className="Application.Tests.EducationServiceTests" name="Update_For_Successful_Update_Returns_True" />
    </UnitTest>
    <UnitTest name="Application.Tests.EducationServiceTests.Update_For_Id_Mismatch_Returns_False" storage="/home/ubuntu/repos/webapi-sample-dotnet-7/tests/application.tests/bin/debug/net9.0/application.tests.dll" id="ebdf1f54-4fd9-406e-55b1-555b1ce6009f">
      <Execution id="fa6707a4-fbf6-4ea3-aee1-88234244279e" />
      <TestMethod codeBase="/home/ubuntu/repos/WebAPI-Sample-DotNet-7/tests/Application.Tests/bin/Debug/net9.0/Application.Tests.dll" adapterTypeName="executor://xunit/VsTestRunner3/netcore/" className="Application.Tests.EducationServiceTests" name="Update_For_Id_Mismatch_Returns_False" />
    </UnitTest>
    <UnitTest name="Application.Tests.EducationServiceTests.Add_Returns_Added_EducationDto" storage="/home/ubuntu/repos/webapi-sample-dotnet-7/tests/application.tests/bin/debug/net9.0/application.tests.dll" id="bba93a6a-3618-bf5b-629c-ee291e1f0308">
      <Execution id="e128f052-3b40-4a8a-b513-c52cd87fdc55" />
      <TestMethod codeBase="/home/ubuntu/repos/WebAPI-Sample-DotNet-7/tests/Application.Tests/bin/Debug/net9.0/Application.Tests.dll" adapterTypeName="executor://xunit/VsTestRunner3/netcore/" className="Application.Tests.EducationServiceTests" name="Add_Returns_Added_EducationDto" />
    </UnitTest>
    <UnitTest name="Application.Tests.EducationServiceTests.GetAll_With_Data_Returns_List_Of_EducationDto" storage="/home/ubuntu/repos/webapi-sample-dotnet-7/tests/application.tests/bin/debug/net9.0/application.tests.dll" id="cc76318e-29f5-faa5-ddb0-7ca3e395aef4">
      <Execution id="1dddf866-c76c-4b0d-b915-379768d27d53" />
      <TestMethod codeBase="/home/ubuntu/repos/WebAPI-Sample-DotNet-7/tests/Application.Tests/bin/Debug/net9.0/Application.Tests.dll" adapterTypeName="executor://xunit/VsTestRunner3/netcore/" className="Application.Tests.EducationServiceTests" name="GetAll_With_Data_Returns_List_Of_EducationDto" />
    </UnitTest>
    <UnitTest name="Application.Tests.EducationServiceTests.GetById_With_Data_Returns_EducationDto" storage="/home/ubuntu/repos/webapi-sample-dotnet-7/tests/application.tests/bin/debug/net9.0/application.tests.dll" id="0704345b-b87b-bdc5-1ef4-f20f38221d77">
      <Execution id="8dd52c29-833d-4c5b-b5cf-fe9a651a73d0" />
      <TestMethod codeBase="/home/ubuntu/repos/WebAPI-Sample-DotNet-7/tests/Application.Tests/bin/Debug/net9.0/Application.Tests.dll" adapterTypeName="executor://xunit/VsTestRunner3/netcore/" className="Application.Tests.EducationServiceTests" name="GetById_With_Data_Returns_EducationDto" />
    </UnitTest>
    <UnitTest name="Application.Tests.EducationServiceTests.Delete_With_Existing_Id_Returns_True" storage="/home/ubuntu/repos/webapi-sample-dotnet-7/tests/application.tests/bin/debug/net9.0/application.tests.dll" id="fd90baab-1587-d9f4-6d1f-566510557989">
      <Execution id="bc86f160-b8a6-4c36-9ccf-581fb35db6a8" />
      <TestMethod codeBase="/home/ubuntu/repos/WebAPI-Sample-DotNet-7/tests/Application.Tests/bin/Debug/net9.0/Application.Tests.dll" adapterTypeName="executor://xunit/VsTestRunner3/netcore/" className="Application.Tests.EducationServiceTests" name="Delete_With_Existing_Id_Returns_True" />
    </UnitTest>
  </TestDefinitions>
  <TestEntries>
    <TestEntry testId="9b99f3bf-3d97-dd7c-407e-5a446063beaf" executionId="d940b271-e880-4361-b4cc-f06925fba4c0" testListId="8c84fa94-04c1-424b-9868-57a2d4851a1d" />
    <TestEntry testId="bba93a6a-3618-bf5b-629c-ee291e1f0308" executionId="e128f052-3b40-4a8a-b513-c52cd87fdc55" testListId="8c84fa94-04c1-424b-9868-57a2d4851a1d" />
    <TestEntry testId="ebdf1f54-4fd9-406e-55b1-555b1ce6009f" executionId="fa6707a4-fbf6-4ea3-aee1-88234244279e" testListId="8c84fa94-04c1-424b-9868-57a2d4851a1d" />
    <TestEntry testId="fd90baab-1587-d9f4-6d1f-566510557989" executionId="bc86f160-b8a6-4c36-9ccf-581fb35db6a8" testListId="8c84fa94-04c1-424b-9868-57a2d4851a1d" />
    <TestEntry testId="0704345b-b87b-bdc5-1ef4-f20f38221d77" executionId="8dd52c29-833d-4c5b-b5cf-fe9a651a73d0" testListId="8c84fa94-04c1-424b-9868-57a2d4851a1d" />
    <TestEntry testId="cc76318e-29f5-faa5-ddb0-7ca3e395aef4" executionId="1dddf866-c76c-4b0d-b915-379768d27d53" testListId="8c84fa94-04c1-424b-9868-57a2d4851a1d" />
  </TestEntries>
  <TestLists>
    <TestList name="Results Not in a List" id="8c84fa94-04c1-424b-9868-57a2d4851a1d" />
    <TestList name="All Loaded Results" id="19431567-8539-422a-85d7-44ee4e166bda" />
  </TestLists>
  <ResultSummary outcome="Completed">
    <Counters total="6" executed="6" passed="6" failed="0" error="0" timeout="0" aborted="0" inconclusive="0" passedButRunAborted="0" notRunnable="0" notExecuted="0" disconnected="0" warning="0" completed="0" inProgress="0" pending="0" />
    <Output>
      <StdOut>[xUnit.net 00:00:00.00] xUnit.net VSTest Adapter v4.0.0+05679a7ab5 (64-bit .NET 9.0.19)
[xUnit.net 00:00:00.09]   Discovering: Application.Tests
[xUnit.net 00:00:00.14]   Discovered:  Application.Tests
[xUnit.net 00:00:00.18]   Starting:    Application.Tests
[xUnit.net 00:00:00.42]   Finished:    Application.Tests
</StdOut>
    </Output>
  </ResultSummary>
</TestRun>