<?xml version="1.0" encoding="utf-8"?>
<TestRun id="672c81f2-781f-42ba-b459-71dfa71e0d1f" name="@devin-box 2026-08-27 13:42:34" xmlns="http://microsoft.com/schemas/VisualStudio/TeamTest/2010">
  <Times creation="2026-08-27T13:42:34.9656739+00:00" queuing="2026-08-27T13:42:34.9656740+00:00" start="2026-08-27T13:42:34.0525311+00:00" finish="2026-08-27T13:42:34.9709354+00:00" />
  <TestSettings name="default" id="b678cd8b-fb2a-4238-83f3-4e14a0c5624e">
    <Deployment runDeploymentRoot="_devin-box_2026-08-27_13_42_34" />
  </TestSettings>
  <Results>
    <UnitTestResult executionId="40513eb1-1a18-4cdc-af88-ee0c5f496660" testId="9b99f3bf-3d97-dd7c-407e-5a446063beaf" testName="Application.Tests.EducationServiceTests.Update_For_Successful_Update_Returns_True" computerName="devin-box" duration="00:00:00.0054364" startTime="2026-08-27T13:42:34.8336219+00:00" endTime="2026-08-27T13:42:34.8390417+00:00" testType="13cdc9d9-ddb5-4fa4-a97d-d965ccfc6d4b" outcome="Passed" testListId="8c84fa94-04c1-424b-9868-57a2d4851a1d" relativeResultsDirectory="40513eb1-1a18-4cdc-af88-ee0c5f496660" />
    <UnitTestResult executionId="0588388d-f758-4351-b3b3-e354af473fa8" testId="cc76318e-29f5-faa5-ddb0-7ca3e395aef4" testName="Application.Tests.EducationServiceTests.GetAll_With_Data_Returns_List_Of_EducationDto" computerName="devin-box" duration="00:00:00.0137488" startTime="2026-08-27T13:42:34.8393795+00:00" endTime="2026-08-27T13:42:34.8556571+00:00" testType="13cdc9d9-ddb5-4fa4-a97d-d965ccfc6d4b" outcome="Passed" testListId="8c84fa94-04c1-424b-9868-57a2d4851a1d" relativeResultsDirectory="0588388d-f758-4351-b3b3-e354af473fa8" />
    <UnitTestResult executionId="e7c12e7c-a349-40ea-95ad-76590b6a8919" testId="fd90baab-1587-d9f4-6d1f-566510557989" testName="Application.Tests.EducationServiceTests.Delete_With_Existing_Id_Returns_True" computerName="devin-box" duration="00:00:00.0018892" startTime="2026-08-27T13:42:34.8559330+00:00" endTime="2026-08-27T13:42:34.8560161+00:00" testType="13cdc9d9-ddb5-4fa4-a97d-d965ccfc6d4b" outcome="Passed" testListId="8c84fa94-04c1-424b-9868-57a2d4851a1d" relativeResultsDirectory="e7c12e7c-a349-40ea-95ad-76590b6a8919" />
    <UnitTestResult executionId="cf38659e-0d34-41b1-8981-18d17c22324d" testId="ebdf1f54-4fd9-406e-55b1-555b1ce6009f" testName="Application.Tests.EducationServiceTests.Update_For_Id_Mismatch_Returns_False" computerName="devin-box" duration="00:00:00.0057987" startTime="2026-08-27T13:42:34.8330895+00:00" endTime="2026-08-27T13:42:34.8334117+00:00" testType="13cdc9d9-ddb5-4fa4-a97d-d965ccfc6d4b" outcome="Passed" testListId="8c84fa94-04c1-424b-9868-57a2d4851a1d" relativeResultsDirectory="cf38659e-0d34-41b1-8981-18d17c22324d" />
    <UnitTestResult executionId="e089aa55-935b-4c1b-99b7-85566e16f3e8" testId="0704345b-b87b-bdc5-1ef4-f20f38221d77" testName="Application.Tests.EducationServiceTests.GetById_With_Data_Returns_EducationDto" computerName="devin-box" duration="00:00:00.0065256" startTime="2026-08-27T13:42:34.8321599+00:00" endTime="2026-08-27T13:42:34.8322881+00:00" testType="13cdc9d9-ddb5-4fa4-a97d-d965ccfc6d4b" outcome="Passed" testListId="8c84fa94-04c1-424b-9868-57a2d4851a1d" relativeResultsDirectory="e089aa55-935b-4c1b-99b7-85566e16f3e8" />
    <UnitTestResult executionId="2eb26439-2a72-4594-a96f-85133bac8002" testId="bba93a6a-3618-bf5b-629c-ee291e1f0308" testName="Application.Tests.EducationServiceTests.Add_Returns_Added_EducationDto" computerName="devin-box" duration="00:00:00.1702296" startTime="2026-08-27T13:42:34.6464507+00:00" endTime="2026-08-27T13:42:34.8209322+00:00" testType="13cdc9d9-ddb5-4fa4-a97d-d965ccfc6d4b" outcome="Passed" testListId="8c84fa94-04c1-424b-9868-57a2d4851a1d" relativeResultsDirectory="2eb26439-2a72-4594-a96f-85133bac8002" />
  </Results>
  <TestDefinitions>
    <UnitTest name="Application.Tests.EducationServiceTests.Update_For_Successful_Update_Returns_True" storage="/home/ubuntu/repos/webapi-sample-dotnet-7/tests/application.tests/bin/debug/net9.0/application.tests.dll" id="9b99f3bf-3d97-dd7c-407e-5a446063beaf">
      <Execution id="40513eb1-1a18-4cdc-af88-ee0c5f496660" />
      <TestMethod codeBase="/home/ubuntu/repos/WebAPI-Sample-DotNet-7/tests/Application.Tests/bin/Debug/net9.0/Application.Tests.dll" adapterTypeName="executor://xunit/VsTestRunner3/netcore/" className="Application.Tests.EducationServiceTests" name="Update_For_Successful_Update_Returns_True" />
    </UnitTest>
    <UnitTest name="Application.Tests.EducationServiceTests.Update_For_Id_Mismatch_Returns_False" storage="/home/ubuntu/repos/webapi-sample-dotnet-7/tests/application.tests/bin/debug/net9.0/application.tests.dll" id="ebdf1f54-4fd9-406e-55b1-555b1ce6009f">
      <Execution id="cf38659e-0d34-41b1-8981-18d17c22324d" />
      <TestMethod codeBase="/home/ubuntu/repos/WebAPI-Sample-DotNet-7/tests/Application.Tests/bin/Debug/net9.0/Application.Tests.dll" adapterTypeName="executor://xunit/VsTestRunner3/netcore/" className="Application.Tests.EducationServiceTests" name="Update_For_Id_Mismatch_Returns_False" />
    </UnitTest>
    <UnitTest name="Application.Tests.EducationServiceTests.Add_Returns_Added_EducationDto" storage="/home/ubuntu/repos/webapi-sample-dotnet-7/tests/application.tests/bin/debug/net9.0/application.tests.dll" id="bba93a6a-3618-bf5b-629c-ee291e1f0308">
      <Execution id="2eb26439-2a72-4594-a96f-85133bac8002" />
      <TestMethod codeBase="/home/ubuntu/repos/WebAPI-Sample-DotNet-7/tests/Application.Tests/bin/Debug/net9.0/Application.Tests.dll" adapterTypeName="executor://xunit/VsTestRunner3/netcore/" className="Application.Tests.EducationServiceTests" name="Add_Returns_Added_EducationDto" />
    </UnitTest>
    <UnitTest name="Application.Tests.EducationServiceTests.GetAll_With_Data_Returns_List_Of_EducationDto" storage="/home/ubuntu/repos/webapi-sample-dotnet-7/tests/application.tests/bin/debug/net9.0/application.tests.dll" id="cc76318e-29f5-faa5-ddb0-7ca3e395aef4">
      <Execution id="0588388d-f758-4351-b3b3-e354af473fa8" />
      <TestMethod codeBase="/home/ubuntu/repos/WebAPI-Sample-DotNet-7/tests/Application.Tests/bin/Debug/net9.0/Application.Tests.dll" adapterTypeName="executor://xunit/VsTestRunner3/netcore/" className="Application.Tests.EducationServiceTests" name="GetAll_With_Data_Returns_List_Of_EducationDto" />
    </UnitTest>
    <UnitTest name="Application.Tests.EducationServiceTests.GetById_With_Data_Returns_EducationDto" storage="/home/ubuntu/repos/webapi-sample-dotnet-7/tests/application.tests/bin/debug/net9.0/application.tests.dll" id="0704345b-b87b-bdc5-1ef4-f20f38221d77">
      <Execution id="e089aa55-935b-4c1b-99b7-85566e16f3e8" />
      <TestMethod codeBase="/home/ubuntu/repos/WebAPI-Sample-DotNet-7/tests/Application.Tests/bin/Debug/net9.0/Application.Tests.dll" adapterTypeName="executor://xunit/VsTestRunner3/netcore/" className="Application.Tests.EducationServiceTests" name="GetById_With_Data_Returns_EducationDto" />
    </UnitTest>
    <UnitTest name="Application.Tests.EducationServiceTests.Delete_With_Existing_Id_Returns_True" storage="/home/ubuntu/repos/webapi-sample-dotnet-7/tests/application.tests/bin/debug/net9.0/application.tests.dll" id="fd90baab-1587-d9f4-6d1f-566510557989">
      <Execution id="e7c12e7c-a349-40ea-95ad-76590b6a8919" />
      <TestMethod codeBase="/home/ubuntu/repos/WebAPI-Sample-DotNet-7/tests/Application.Tests/bin/Debug/net9.0/Application.Tests.dll" adapterTypeName="executor://xunit/VsTestRunner3/netcore/" className="Application.Tests.EducationServiceTests" name="Delete_With_Existing_Id_Returns_True" />
    </UnitTest>
  </TestDefinitions>
  <TestEntries>
    <TestEntry testId="9b99f3bf-3d97-dd7c-407e-5a446063beaf" executionId="40513eb1-1a18-4cdc-af88-ee0c5f496660" testListId="8c84fa94-04c1-424b-9868-57a2d4851a1d" />
    <TestEntry testId="cc76318e-29f5-faa5-ddb0-7ca3e395aef4" executionId="0588388d-f758-4351-b3b3-e354af473fa8" testListId="8c84fa94-04c1-424b-9868-57a2d4851a1d" />
    <TestEntry testId="fd90baab-1587-d9f4-6d1f-566510557989" executionId="e7c12e7c-a349-40ea-95ad-76590b6a8919" testListId="8c84fa94-04c1-424b-9868-57a2d4851a1d" />
    <TestEntry testId="ebdf1f54-4fd9-406e-55b1-555b1ce6009f" executionId="cf38659e-0d34-41b1-8981-18d17c22324d" testListId="8c84fa94-04c1-424b-9868-57a2d4851a1d" />
    <TestEntry testId="0704345b-b87b-bdc5-1ef4-f20f38221d77" executionId="e089aa55-935b-4c1b-99b7-85566e16f3e8" testListId="8c84fa94-04c1-424b-9868-57a2d4851a1d" />
    <TestEntry testId="bba93a6a-3618-bf5b-629c-ee291e1f0308" executionId="2eb26439-2a72-4594-a96f-85133bac8002" testListId="8c84fa94-04c1-424b-9868-57a2d4851a1d" />
  </TestEntries>
  <TestLists>
    <TestList name="Results Not in a List" id="8c84fa94-04c1-424b-9868-57a2d4851a1d" />
    <TestList name="All Loaded Results" id="19431567-8539-422a-85d7-44ee4e166bda" />
  </TestLists>
  <ResultSummary outcome="Completed">
    <Counters total="6" executed="6" passed="6" failed="0" error="0" timeout="0" aborted="0" inconclusive="0" passedButRunAborted="0" notRunnable="0" notExecuted="0" disconnected="0" warning="0" completed="0" inProgress="0" pending="0" />
    <Output>
      <StdOut>[xUnit.net 00:00:00.00] xUnit.net VSTest Adapter v4.0.0+05679a7ab5 (64-bit .NET 9.0.19)
[xUnit.net 00:00:00.09]   Discovering: Application.Tests
[xUnit.net 00:00:00.14]   Discovered:  Application.Tests
[xUnit.net 00:00:00.16]   Starting:    Application.Tests
[xUnit.net 00:00:00.41]   Finished:    Application.Tests
</StdOut>
    </Output>
  </ResultSummary>
</TestRun>