<?xml version="1.0" encoding="utf-8"?>
<TestRun id="e460093d-3d0c-4b4d-9488-dc9e12bfc795" name="@devin-box 2026-08-27 13:33:41" xmlns="http://microsoft.com/schemas/VisualStudio/TeamTest/2010">
  <Times creation="2026-08-27T13:33:41.5656719+00:00" queuing="2026-08-27T13:33:41.5656719+00:00" start="2026-08-27T13:33:40.8119972+00:00" finish="2026-08-27T13:33:41.6066299+00:00" />
  <TestSettings name="default" id="912a37cc-b1c3-47f8-adcf-86b766bc186e">
    <Deployment runDeploymentRoot="_devin-box_2026-08-27_13_33_41" />
  </TestSettings>
  <Results>
    <UnitTestResult executionId="0309deb3-0fd7-4d94-a95c-cb3b56265e25" testId="059778d6-fbe5-3764-a604-60e2339f71f0" testName="WebApi.Tests.EducationsControllerTests.Get_On_Exception_Returns_InternalServerError" computerName="devin-box" duration="00:00:00.0018466" startTime="2026-08-27T13:33:41.5065203+00:00" endTime="2026-08-27T13:33:41.5066036+00:00" testType="13cdc9d9-ddb5-4fa4-a97d-d965ccfc6d4b" outcome="Passed" testListId="8c84fa94-04c1-424b-9868-57a2d4851a1d" relativeResultsDirectory="0309deb3-0fd7-4d94-a95c-cb3b56265e25" />
    <UnitTestResult executionId="6627e861-6438-44ea-834f-5b7beb3bab44" testId="3264eacc-79cf-4da5-b10c-12767c8488c3" testName="WebApi.Tests.EducationsControllerTests.Put_For_Failed_Update_Returns_BadRequest" computerName="devin-box" duration="00:00:00.0008887" startTime="2026-08-27T13:33:41.5273678+00:00" endTime="2026-08-27T13:33:41.5274556+00:00" testType="13cdc9d9-ddb5-4fa4-a97d-d965ccfc6d4b" outcome="Passed" testListId="8c84fa94-04c1-424b-9868-57a2d4851a1d" relativeResultsDirectory="6627e861-6438-44ea-834f-5b7beb3bab44" />
    <UnitTestResult executionId="4453fa5c-4283-493c-9c17-a4148f792fba" testId="1addb990-78dd-769e-48db-df6576a72a8c" testName="WebApi.Tests.EducationsControllerTests.Delete_On_Exception_Returns_InternalServerError" computerName="devin-box" duration="00:00:00.0007037" startTime="2026-08-27T13:33:41.5271045+00:00" endTime="2026-08-27T13:33:41.5271902+00:00" testType="13cdc9d9-ddb5-4fa4-a97d-d965ccfc6d4b" outcome="Passed" testListId="8c84fa94-04c1-424b-9868-57a2d4851a1d" relativeResultsDirectory="4453fa5c-4283-493c-9c17-a4148f792fba" />
    <UnitTestResult executionId="a15168a1-8358-49dd-99ef-0665644b7676" testId="de497940-c633-9cbd-411e-0fb77ca03ce6" testName="WebApi.Tests.EducationsControllerTests.Put_For_Successful_Update_Returns_Ok" computerName="devin-box" duration="00:00:00.0026323" startTime="2026-08-27T13:33:41.5095653+00:00" endTime="2026-08-27T13:33:41.5121912+00:00" testType="13cdc9d9-ddb5-4fa4-a97d-d965ccfc6d4b" outcome="Passed" testListId="8c84fa94-04c1-424b-9868-57a2d4851a1d" relativeResultsDirectory="a15168a1-8358-49dd-99ef-0665644b7676" />
    <UnitTestResult executionId="9a756e27-a79d-48ba-99f5-78ca09164162" testId="561b088a-ff4d-b54b-3a3b-bf53aadb9ed9" testName="WebApi.Tests.EducationsControllerTests.Post_With_Valid_Model_Returns_Ok" computerName="devin-box" duration="00:00:00.0007868" startTime="2026-08-27T13:33:41.5268408+00:00" endTime="2026-08-27T13:33:41.5269180+00:00" testType="13cdc9d9-ddb5-4fa4-a97d-d965ccfc6d4b" outcome="Passed" testListId="8c84fa94-04c1-424b-9868-57a2d4851a1d" relativeResultsDirectory="9a756e27-a79d-48ba-99f5-78ca09164162" />
    <UnitTestResult executionId="e57fb27a-b788-49bd-98ae-2bcc86d57c8f" testId="71774461-1e44-8e15-5e53-dcbe63697126" testName="WebApi.Tests.EducationsControllerTests.Get_With_Data_Returns_Ok" computerName="devin-box" duration="00:00:00.0926523" startTime="2026-08-27T13:33:41.3957869+00:00" endTime="2026-08-27T13:33:41.4949471+00:00" testType="13cdc9d9-ddb5-4fa4-a97d-d965ccfc6d4b" outcome="Passed" testListId="8c84fa94-04c1-424b-9868-57a2d4851a1d" relativeResultsDirectory="e57fb27a-b788-49bd-98ae-2bcc86d57c8f" />
    <UnitTestResult executionId="7a6f9a58-ebec-48b1-ac51-2c1f37b2b404" testId="fbcc4fcb-280f-951d-f8ee-5133684b905c" testName="WebApi.Tests.EducationsControllerTests.Post_On_Exception_Returns_InternalServerError" computerName="devin-box" duration="00:00:00.0010224" startTime="2026-08-27T13:33:41.5124281+00:00" endTime="2026-08-27T13:33:41.5131926+00:00" testType="13cdc9d9-ddb5-4fa4-a97d-d965ccfc6d4b" outcome="Passed" testListId="8c84fa94-04c1-424b-9868-57a2d4851a1d" relativeResultsDirectory="7a6f9a58-ebec-48b1-ac51-2c1f37b2b404" />
    <UnitTestResult executionId="e2a48af8-2626-45cd-a657-e3f59c3e6377" testId="6d417eea-a35c-05f1-eda4-f8c48641cd2d" testName="WebApi.Tests.EducationsControllerTests.GetById_On_Exception_Returns_InternalServerError" computerName="devin-box" duration="00:00:00.0009110" startTime="2026-08-27T13:33:41.5068057+00:00" endTime="2026-08-27T13:33:41.5068786+00:00" testType="13cdc9d9-ddb5-4fa4-a97d-d965ccfc6d4b" outcome="Passed" testListId="8c84fa94-04c1-424b-9868-57a2d4851a1d" relativeResultsDirectory="e2a48af8-2626-45cd-a657-e3f59c3e6377" />
    <UnitTestResult executionId="d3306c26-68aa-46ce-b6f4-49884e2728b3" testId="5b6daf35-30e4-69bc-51d3-33b7d9f6c074" testName="WebApi.Tests.EducationsControllerTests.Delete_For_Failed_Deletion_Returns_BadRequest" computerName="devin-box" duration="00:00:00.0034710" startTime="2026-08-27T13:33:41.5073239+00:00" endTime="2026-08-27T13:33:41.5084830+00:00" testType="13cdc9d9-ddb5-4fa4-a97d-d965ccfc6d4b" outcome="Passed" testListId="8c84fa94-04c1-424b-9868-57a2d4851a1d" relativeResultsDirectory="d3306c26-68aa-46ce-b6f4-49884e2728b3" />
    <UnitTestResult executionId="9134156d-7dc4-4fd2-adfb-81149ab60fc9" testId="2dab7e2f-c36f-84c7-b9ec-4469c59055db" testName="WebApi.Tests.EducationsControllerTests.Put_With_Null_Input_Returns_BadRequest" computerName="devin-box" duration="00:00:00.0004228" startTime="2026-08-27T13:33:41.5265632+00:00" endTime="2026-08-27T13:33:41.5266454+00:00" testType="13cdc9d9-ddb5-4fa4-a97d-d965ccfc6d4b" outcome="Passed" testListId="8c84fa94-04c1-424b-9868-57a2d4851a1d" relativeResultsDirectory="9134156d-7dc4-4fd2-adfb-81149ab60fc9" />
    <UnitTestResult executionId="28bc3855-5449-46f0-bfe3-466781289228" testId="d3183da6-da70-b839-6a8d-79bff47370f4" testName="WebApi.Tests.EducationsControllerTests.GetById_With_Valid_Id_Returns_Ok" computerName="devin-box" duration="00:00:00.0051079" startTime="2026-08-27T13:33:41.5056956+00:00" endTime="2026-08-27T13:33:41.5058130+00:00" testType="13cdc9d9-ddb5-4fa4-a97d-d965ccfc6d4b" outcome="Passed" testListId="8c84fa94-04c1-424b-9868-57a2d4851a1d" relativeResultsDirectory="28bc3855-5449-46f0-bfe3-466781289228" />
    <UnitTestResult executionId="059945bd-6bf7-4e47-b8e7-b9cea93480f4" testId="c71dde4a-9275-baa1-e107-60fcbdf9c097" testName="WebApi.Tests.EducationsControllerTests.Post_With_Null_Input_Returns_BadRequest" computerName="devin-box" duration="00:00:00.0017719" startTime="2026-08-27T13:33:41.5070504+00:00" endTime="2026-08-27T13:33:41.5071411+00:00" testType="13cdc9d9-ddb5-4fa4-a97d-d965ccfc6d4b" outcome="Passed" testListId="8c84fa94-04c1-424b-9868-57a2d4851a1d" relativeResultsDirectory="059945bd-6bf7-4e47-b8e7-b9cea93480f4" />
    <UnitTestResult executionId="dc9c0645-bf64-4b9f-98bc-a974dae8bef7" testId="ffc97817-56ef-1225-2903-d77393f4e749" testName="WebApi.Tests.EducationsControllerTests.Delete_For_Successful_Deletion_Returns_Ok" computerName="devin-box" duration="00:00:00.0008344" startTime="2026-08-27T13:33:41.5086766+00:00" endTime="2026-08-27T13:33:41.5093898+00:00" testType="13cdc9d9-ddb5-4fa4-a97d-d965ccfc6d4b" outcome="Passed" testListId="8c84fa94-04c1-424b-9868-57a2d4851a1d" relativeResultsDirectory="dc9c0645-bf64-4b9f-98bc-a974dae8bef7" />
    <UnitTestResult executionId="66a6c889-7697-4e0e-9a96-e2afcc19c8b0" testId="359dd838-451b-d12e-0968-7197a481b3af" testName="WebApi.Tests.EducationsControllerTests.Put_On_Exception_Returns_InternalServerError" computerName="devin-box" duration="00:00:00.0009598" startTime="2026-08-27T13:33:41.5261382+00:00" endTime="2026-08-27T13:33:41.5262541+00:00" testType="13cdc9d9-ddb5-4fa4-a97d-d965ccfc6d4b" outcome="Passed" testListId="8c84fa94-04c1-424b-9868-57a2d4851a1d" relativeResultsDirectory="66a6c889-7697-4e0e-9a96-e2afcc19c8b0" />
  </Results>
  <TestDefinitions>
    <UnitTest name="WebApi.Tests.EducationsControllerTests.Delete_On_Exception_Returns_InternalServerError" storage="/home/ubuntu/repos/webapi-sample-dotnet-7/tests/webapi.tests/bin/debug/net9.0/webapi.tests.dll" id="1addb990-78dd-769e-48db-df6576a72a8c">
      <Execution id="4453fa5c-4283-493c-9c17-a4148f792fba" />
      <TestMethod codeBase="/home/ubuntu/repos/WebAPI-Sample-DotNet-7/tests/WebApi.Tests/bin/Debug/net9.0/WebApi.Tests.dll" adapterTypeName="executor://xunit/VsTestRunner3/netcore/" className="WebApi.Tests.EducationsControllerTests" name="Delete_On_Exception_Returns_InternalServerError" />
    </UnitTest>
    <UnitTest name="WebApi.Tests.EducationsControllerTests.Post_With_Null_Input_Returns_BadRequest" storage="/home/ubuntu/repos/webapi-sample-dotnet-7/tests/webapi.tests/bin/debug/net9.0/webapi.tests.dll" id="c71dde4a-9275-baa1-e107-60fcbdf9c097">
      <Execution id="059945bd-6bf7-4e47-b8e7-b9cea93480f4" />
      <TestMethod codeBase="/home/ubuntu/repos/WebAPI-Sample-DotNet-7/tests/WebApi.Tests/bin/Debug/net9.0/WebApi.Tests.dll" adapterTypeName="executor://xunit/VsTestRunner3/netcore/" className="WebApi.Tests.EducationsControllerTests" name="Post_With_Null_Input_Returns_BadRequest" />
    </UnitTest>
    <UnitTest name="WebApi.Tests.EducationsControllerTests.Get_With_Data_Returns_Ok" storage="/home/ubuntu/repos/webapi-sample-dotnet-7/tests/webapi.tests/bin/debug/net9.0/webapi.tests.dll" id="71774461-1e44-8e15-5e53-dcbe63697126">
      <Execution id="e57fb27a-b788-49bd-98ae-2bcc86d57c8f" />
      <TestMethod codeBase="/home/ubuntu/repos/WebAPI-Sample-DotNet-7/tests/WebApi.Tests/bin/Debug/net9.0/WebApi.Tests.dll" adapterTypeName="executor://xunit/VsTestRunner3/netcore/" className="WebApi.Tests.EducationsControllerTests" name="Get_With_Data_Returns_Ok" />
    </UnitTest>
    <UnitTest name="WebApi.Tests.EducationsControllerTests.Put_For_Failed_Update_Returns_BadRequest" storage="/home/ubuntu/repos/webapi-sample-dotnet-7/tests/webapi.tests/bin/debug/net9.0/webapi.tests.dll" id="3264eacc-79cf-4da5-b10c-12767c8488c3">
      <Execution id="6627e861-6438-44ea-834f-5b7beb3bab44" />
      <TestMethod codeBase="/home/ubuntu/repos/WebAPI-Sample-DotNet-7/tests/WebApi.Tests/bin/Debug/net9.0/WebApi.Tests.dll" adapterTypeName="executor://xunit/VsTestRunner3/netcore/" className="WebApi.Tests.EducationsControllerTests" name="Put_For_Failed_Update_Returns_BadRequest" />
    </UnitTest>
    <UnitTest name="WebApi.Tests.EducationsControllerTests.Get_On_Exception_Returns_InternalServerError" storage="/home/ubuntu/repos/webapi-sample-dotnet-7/tests/webapi.tests/bin/debug/net9.0/webapi.tests.dll" id="059778d6-fbe5-3764-a604-60e2339f71f0">
      <Execution id="0309deb3-0fd7-4d94-a95c-cb3b56265e25" />
      <TestMethod codeBase="/home/ubuntu/repos/WebAPI-Sample-DotNet-7/tests/WebApi.Tests/bin/Debug/net9.0/WebApi.Tests.dll" adapterTypeName="executor://xunit/VsTestRunner3/netcore/" className="WebApi.Tests.EducationsControllerTests" name="Get_On_Exception_Returns_InternalServerError" />
    </UnitTest>
    <UnitTest name="WebApi.Tests.EducationsControllerTests.GetById_With_Valid_Id_Returns_Ok" storage="/home/ubuntu/repos/webapi-sample-dotnet-7/tests/webapi.tests/bin/debug/net9.0/webapi.tests.dll" id="d3183da6-da70-b839-6a8d-79bff47370f4">
      <Execution id="28bc3855-5449-46f0-bfe3-466781289228" />
      <TestMethod codeBase="/home/ubuntu/repos/WebAPI-Sample-DotNet-7/tests/WebApi.Tests/bin/Debug/net9.0/WebApi.Tests.dll" adapterTypeName="executor://xunit/VsTestRunner3/netcore/" className="WebApi.Tests.EducationsControllerTests" name="GetById_With_Valid_Id_Returns_Ok" />
    </UnitTest>
    <UnitTest name="WebApi.Tests.EducationsControllerTests.Post_With_Valid_Model_Returns_Ok" storage="/home/ubuntu/repos/webapi-sample-dotnet-7/tests/webapi.tests/bin/debug/net9.0/webapi.tests.dll" id="561b088a-ff4d-b54b-3a3b-bf53aadb9ed9">
      <Execution id="9a756e27-a79d-48ba-99f5-78ca09164162" />
      <TestMethod codeBase="/home/ubuntu/repos/WebAPI-Sample-DotNet-7/tests/WebApi.Tests/bin/Debug/net9.0/WebApi.Tests.dll" adapterTypeName="executor://xunit/VsTestRunner3/netcore/" className="WebApi.Tests.EducationsControllerTests" name="Post_With_Valid_Model_Returns_Ok" />
    </UnitTest>
    <UnitTest name="WebApi.Tests.EducationsControllerTests.Put_On_Exception_Returns_InternalServerError" storage="/home/ubuntu/repos/webapi-sample-dotnet-7/tests/webapi.tests/bin/debug/net9.0/webapi.tests.dll" id="359dd838-451b-d12e-0968-7197a481b3af">
      <Execution id="66a6c889-7697-4e0e-9a96-e2afcc19c8b0" />
      <TestMethod codeBase="/home/ubuntu/repos/WebAPI-Sample-DotNet-7/tests/WebApi.Tests/bin/Debug/net9.0/WebApi.Tests.dll" adapterTypeName="executor://xunit/VsTestRunner3/netcore/" className="WebApi.Tests.EducationsControllerTests" name="Put_On_Exception_Returns_InternalServerError" />
    </UnitTest>
    <UnitTest name="WebApi.Tests.EducationsControllerTests.Put_For_Successful_Update_Returns_Ok" storage="/home/ubuntu/repos/webapi-sample-dotnet-7/tests/webapi.tests/bin/debug/net9.0/webapi.tests.dll" id="de497940-c633-9cbd-411e-0fb77ca03ce6">
      <Execution id="a15168a1-8358-49dd-99ef-0665644b7676" />
      <TestMethod codeBase="/home/ubuntu/repos/WebAPI-Sample-DotNet-7/tests/WebApi.Tests/bin/Debug/net9.0/WebApi.Tests.dll" adapterTypeName="executor://xunit/VsTestRunner3/netcore/" className="WebApi.Tests.EducationsControllerTests" name="Put_For_Successful_Update_Returns_Ok" />
    </UnitTest>
    <UnitTest name="WebApi.Tests.EducationsControllerTests.GetById_On_Exception_Returns_InternalServerError" storage="/home/ubuntu/repos/webapi-sample-dotnet-7/tests/webapi.tests/bin/debug/net9.0/webapi.tests.dll" id="6d417eea-a35c-05f1-eda4-f8c48641cd2d">
      <Execution id="e2a48af8-2626-45cd-a657-e3f59c3e6377" />
      <TestMethod codeBase="/home/ubuntu/repos/WebAPI-Sample-DotNet-7/tests/WebApi.Tests/bin/Debug/net9.0/WebApi.Tests.dll" adapterTypeName="executor://xunit/VsTestRunner3/netcore/" className="WebApi.Tests.EducationsControllerTests" name="GetById_On_Exception_Returns_InternalServerError" />
    </UnitTest>
    <UnitTest name="WebApi.Tests.EducationsControllerTests.Put_With_Null_Input_Returns_BadRequest" storage="/home/ubuntu/repos/webapi-sample-dotnet-7/tests/webapi.tests/bin/debug/net9.0/webapi.tests.dll" id="2dab7e2f-c36f-84c7-b9ec-4469c59055db">
      <Execution id="9134156d-7dc4-4fd2-adfb-81149ab60fc9" />
      <TestMethod codeBase="/home/ubuntu/repos/WebAPI-Sample-DotNet-7/tests/WebApi.Tests/bin/Debug/net9.0/WebApi.Tests.dll" adapterTypeName="executor://xunit/VsTestRunner3/netcore/" className="WebApi.Tests.EducationsControllerTests" name="Put_With_Null_Input_Returns_BadRequest" />
    </UnitTest>
    <UnitTest name="WebApi.Tests.EducationsControllerTests.Post_On_Exception_Returns_InternalServerError" storage="/home/ubuntu/repos/webapi-sample-dotnet-7/tests/webapi.tests/bin/debug/net9.0/webapi.tests.dll" id="fbcc4fcb-280f-951d-f8ee-5133684b905c">
      <Execution id="7a6f9a58-ebec-48b1-ac51-2c1f37b2b404" />
      <TestMethod codeBase="/home/ubuntu/repos/WebAPI-Sample-DotNet-7/tests/WebApi.Tests/bin/Debug/net9.0/WebApi.Tests.dll" adapterTypeName="executor://xunit/VsTestRunner3/netcore/" className="WebApi.Tests.EducationsControllerTests" name="Post_On_Exception_Returns_InternalServerError" />
    </UnitTest>
    <UnitTest name="WebApi.Tests.EducationsControllerTests.Delete_For_Failed_Deletion_Returns_BadRequest" storage="/home/ubuntu/repos/webapi-sample-dotnet-7/tests/webapi.tests/bin/debug/net9.0/webapi.tests.dll" id="5b6daf35-30e4-69bc-51d3-33b7d9f6c074">
      <Execution id="d3306c26-68aa-46ce-b6f4-49884e2728b3" />
      <TestMethod codeBase="/home/ubuntu/repos/WebAPI-Sample-DotNet-7/tests/WebApi.Tests/bin/Debug/net9.0/WebApi.Tests.dll" adapterTypeName="executor://xunit/VsTestRunner3/netcore/" className="WebApi.Tests.EducationsControllerTests" name="Delete_For_Failed_Deletion_Returns_BadRequest" />
    </UnitTest>
    <UnitTest name="WebApi.Tests.EducationsControllerTests.Delete_For_Successful_Deletion_Returns_Ok" storage="/home/ubuntu/repos/webapi-sample-dotnet-7/tests/webapi.tests/bin/debug/net9.0/webapi.tests.dll" id="ffc97817-56ef-1225-2903-d77393f4e749">
      <Execution id="dc9c0645-bf64-4b9f-98bc-a974dae8bef7" />
      <TestMethod codeBase="/home/ubuntu/repos/WebAPI-Sample-DotNet-7/tests/WebApi.Tests/bin/Debug/net9.0/WebApi.Tests.dll" adapterTypeName="executor://xunit/VsTestRunner3/netcore/" className="WebApi.Tests.EducationsControllerTests" name="Delete_For_Successful_Deletion_Returns_Ok" />
    </UnitTest>
  </TestDefinitions>
  <TestEntries>
    <TestEntry testId="059778d6-fbe5-3764-a604-60e2339f71f0" executionId="0309deb3-0fd7-4d94-a95c-cb3b56265e25" testListId="8c84fa94-04c1-424b-9868-57a2d4851a1d" />
    <TestEntry testId="3264eacc-79cf-4da5-b10c-12767c8488c3" executionId="6627e861-6438-44ea-834f-5b7beb3bab44" testListId="8c84fa94-04c1-424b-9868-57a2d4851a1d" />
    <TestEntry testId="1addb990-78dd-769e-48db-df6576a72a8c" executionId="4453fa5c-4283-493c-9c17-a4148f792fba" testListId="8c84fa94-04c1-424b-9868-57a2d4851a1d" />
    <TestEntry testId="de497940-c633-9cbd-411e-0fb77ca03ce6" executionId="a15168a1-8358-49dd-99ef-0665644b7676" testListId="8c84fa94-04c1-424b-9868-57a2d4851a1d" />
    <TestEntry testId="561b088a-ff4d-b54b-3a3b-bf53aadb9ed9" executionId="9a756e27-a79d-48ba-99f5-78ca09164162" testListId="8c84fa94-04c1-424b-9868-57a2d4851a1d" />
    <TestEntry testId="71774461-1e44-8e15-5e53-dcbe63697126" executionId="e57fb27a-b788-49bd-98ae-2bcc86d57c8f" testListId="8c84fa94-04c1-424b-9868-57a2d4851a1d" />
    <TestEntry testId="fbcc4fcb-280f-951d-f8ee-5133684b905c" executionId="7a6f9a58-ebec-48b1-ac51-2c1f37b2b404" testListId="8c84fa94-04c1-424b-9868-57a2d4851a1d" />
    <TestEntry testId="6d417eea-a35c-05f1-eda4-f8c48641cd2d" executionId="e2a48af8-2626-45cd-a657-e3f59c3e6377" testListId="8c84fa94-04c1-424b-9868-57a2d4851a1d" />
    <TestEntry testId="5b6daf35-30e4-69bc-51d3-33b7d9f6c074" executionId="d3306c26-68aa-46ce-b6f4-49884e2728b3" testListId="8c84fa94-04c1-424b-9868-57a2d4851a1d" />
    <TestEntry testId="2dab7e2f-c36f-84c7-b9ec-4469c59055db" executionId="9134156d-7dc4-4fd2-adfb-81149ab60fc9" testListId="8c84fa94-04c1-424b-9868-57a2d4851a1d" />
    <TestEntry testId="d3183da6-da70-b839-6a8d-79bff47370f4" executionId="28bc3855-5449-46f0-bfe3-466781289228" testListId="8c84fa94-04c1-424b-9868-57a2d4851a1d" />
    <TestEntry testId="c71dde4a-9275-baa1-e107-60fcbdf9c097" executionId="059945bd-6bf7-4e47-b8e7-b9cea93480f4" testListId="8c84fa94-04c1-424b-9868-57a2d4851a1d" />
    <TestEntry testId="ffc97817-56ef-1225-2903-d77393f4e749" executionId="dc9c0645-bf64-4b9f-98bc-a974dae8bef7" testListId="8c84fa94-04c1-424b-9868-57a2d4851a1d" />
    <TestEntry testId="359dd838-451b-d12e-0968-7197a481b3af" executionId="66a6c889-7697-4e0e-9a96-e2afcc19c8b0" testListId="8c84fa94-04c1-424b-9868-57a2d4851a1d" />
  </TestEntries>
  <TestLists>
    <TestList name="Results Not in a List" id="8c84fa94-04c1-424b-9868-57a2d4851a1d" />
    <TestList name="All Loaded Results" id="19431567-8539-422a-85d7-44ee4e166bda" />
  </TestLists>
  <ResultSummary outcome="Completed">
    <Counters total="14" executed="14" passed="14" failed="0" error="0" timeout="0" aborted="0" inconclusive="0" passedButRunAborted="0" notRunnable="0" notExecuted="0" disconnected="0" warning="0" completed="0" inProgress="0" pending="0" />
    <Output>
      <StdOut>[xUnit.net 00:00:00.00] xUnit.net VSTest Adapter v4.0.0+05679a7ab5 (64-bit .NET 9.0.19)
[xUnit.net 00:00:00.10]   Discovering: WebApi.Tests
[xUnit.net 00:00:00.14]   Discovered:  WebApi.Tests
[xUnit.net 00:00:00.17]   Starting:    WebApi.Tests
[xUnit.net 00:00:00.33]   Finished:    WebApi.Tests
</StdOut>
    </Output>
  </ResultSummary>
</TestRun>