<?xml version="1.0" encoding="utf-8"?>
<TestRun id="d60d7a81-6920-40e2-b6ea-39b4d8fe8d40" name="@devin-box 2026-08-27 13:28:39" xmlns="http://microsoft.com/schemas/VisualStudio/TeamTest/2010">
  <Times creation="2026-08-27T13:28:39.2563387+00:00" queuing="2026-08-27T13:28:39.2563388+00:00" start="2026-08-27T13:28:37.7208339+00:00" finish="2026-08-27T13:28:39.2655594+00:00" />
  <TestSettings name="default" id="80d6a9f1-e606-4739-b41c-402413c47973">
    <Deployment runDeploymentRoot="_devin-box_2026-08-27_13_28_39" />
  </TestSettings>
  <Results>
    <UnitTestResult executionId="a41020f0-0fb4-479c-8112-28b2b629b392" testId="f9a238f7-fd8d-6cf5-3f54-d93d18878d6b" testName="Application.Tests.EducationServiceTests.Update_For_Successful_Update_Returns_True" computerName="devin-box" duration="00:00:00.0075116" startTime="2026-08-27T13:28:39.1004039+00:00" endTime="2026-08-27T13:28:39.1004040+00:00" testType="13cdc9d9-ddb5-4fa4-a97d-d965ccfc6d4b" outcome="Passed" testListId="8c84fa94-04c1-424b-9868-57a2d4851a1d" relativeResultsDirectory="a41020f0-0fb4-479c-8112-28b2b629b392" />
    <UnitTestResult executionId="0b46b158-a9d2-4e0b-b815-d87bc7a7d03e" testId="d667eada-a8cb-8f04-5d9d-9b262f0c83e2" testName="Application.Tests.EducationServiceTests.GetAll_With_Data_Returns_List_Of_EducationDto" computerName="devin-box" duration="00:00:00.0147906" startTime="2026-08-27T13:28:39.1164062+00:00" endTime="2026-08-27T13:28:39.1164064+00:00" testType="13cdc9d9-ddb5-4fa4-a97d-d965ccfc6d4b" outcome="Passed" testListId="8c84fa94-04c1-424b-9868-57a2d4851a1d" relativeResultsDirectory="0b46b158-a9d2-4e0b-b815-d87bc7a7d03e" />
    <UnitTestResult executionId="733d0f7e-046e-4741-a5d4-d26b4f1258f1" testId="17a24114-ce25-cec4-e891-fe2eb3573f15" testName="Application.Tests.EducationServiceTests.GetById_With_Data_Returns_EducationDto" computerName="devin-box" duration="00:00:00.0124752" startTime="2026-08-27T13:28:39.0885150+00:00" endTime="2026-08-27T13:28:39.0885151+00:00" testType="13cdc9d9-ddb5-4fa4-a97d-d965ccfc6d4b" outcome="Passed" testListId="8c84fa94-04c1-424b-9868-57a2d4851a1d" relativeResultsDirectory="733d0f7e-046e-4741-a5d4-d26b4f1258f1" />
    <UnitTestResult executionId="db0e4725-126b-463b-9ad4-2084d4c0ce23" testId="66940fc2-ad92-f745-1fe1-4758a901f40b" testName="Application.Tests.EducationServiceTests.Delete_With_Existing_Id_Returns_True" computerName="devin-box" duration="00:00:00.0021746" startTime="2026-08-27T13:28:39.1164686+00:00" endTime="2026-08-27T13:28:39.1164687+00:00" testType="13cdc9d9-ddb5-4fa4-a97d-d965ccfc6d4b" outcome="Passed" testListId="8c84fa94-04c1-424b-9868-57a2d4851a1d" relativeResultsDirectory="db0e4725-126b-463b-9ad4-2084d4c0ce23" />
    <UnitTestResult executionId="3b7af121-bd17-48b1-8e1c-3cbd72a0ac33" testId="8830f8b0-ed26-0162-f46c-8f5935ca14bb" testName="Application.Tests.EducationServiceTests.Add_Returns_Added_EducationDto" computerName="devin-box" duration="00:00:00.1691545" startTime="2026-08-27T13:28:39.0737360+00:00" endTime="2026-08-27T13:28:39.0737590+00:00" testType="13cdc9d9-ddb5-4fa4-a97d-d965ccfc6d4b" outcome="Passed" testListId="8c84fa94-04c1-424b-9868-57a2d4851a1d" relativeResultsDirectory="3b7af121-bd17-48b1-8e1c-3cbd72a0ac33" />
    <UnitTestResult executionId="6f710d7a-fd04-4224-90d6-467d083a7210" testId="6ce03d1b-46b5-b49e-55f9-13bf919128b8" testName="Application.Tests.EducationServiceTests.Update_For_Id_Mismatch_Returns_False" computerName="devin-box" duration="00:00:00.0068012" startTime="2026-08-27T13:28:39.0924976+00:00" endTime="2026-08-27T13:28:39.0924977+00:00" testType="13cdc9d9-ddb5-4fa4-a97d-d965ccfc6d4b" outcome="Passed" testListId="8c84fa94-04c1-424b-9868-57a2d4851a1d" relativeResultsDirectory="6f710d7a-fd04-4224-90d6-467d083a7210" />
  </Results>
  <TestDefinitions>
    <UnitTest name="Application.Tests.EducationServiceTests.Add_Returns_Added_EducationDto" storage="/home/ubuntu/repos/webapi-sample-dotnet-7/tests/application.tests/bin/debug/net7.0/application.tests.dll" id="8830f8b0-ed26-0162-f46c-8f5935ca14bb">
      <Execution id="3b7af121-bd17-48b1-8e1c-3cbd72a0ac33" />
      <TestMethod codeBase="/home/ubuntu/repos/WebAPI-Sample-DotNet-7/tests/Application.Tests/bin/Debug/net7.0/Application.Tests.dll" adapterTypeName="executor://xunit/VsTestRunner2/netcoreapp" className="Application.Tests.EducationServiceTests" name="Add_Returns_Added_EducationDto" />
    </UnitTest>
    <UnitTest name="Application.Tests.EducationServiceTests.Update_For_Successful_Update_Returns_True" storage="/home/ubuntu/repos/webapi-sample-dotnet-7/tests/application.tests/bin/debug/net7.0/application.tests.dll" id="f9a238f7-fd8d-6cf5-3f54-d93d18878d6b">
      <Execution id="a41020f0-0fb4-479c-8112-28b2b629b392" />
      <TestMethod codeBase="/home/ubuntu/repos/WebAPI-Sample-DotNet-7/tests/Application.Tests/bin/Debug/net7.0/Application.Tests.dll" adapterTypeName="executor://xunit/VsTestRunner2/netcoreapp" className="Application.Tests.EducationServiceTests" name="Update_For_Successful_Update_Returns_True" />
    </UnitTest>
    <UnitTest name="Application.Tests.EducationServiceTests.GetAll_With_Data_Returns_List_Of_EducationDto" storage="/home/ubuntu/repos/webapi-sample-dotnet-7/tests/application.tests/bin/debug/net7.0/application.tests.dll" id="d667eada-a8cb-8f04-5d9d-9b262f0c83e2">
      <Execution id="0b46b158-a9d2-4e0b-b815-d87bc7a7d03e" />
      <TestMethod codeBase="/home/ubuntu/repos/WebAPI-Sample-DotNet-7/tests/Application.Tests/bin/Debug/net7.0/Application.Tests.dll" adapterTypeName="executor://xunit/VsTestRunner2/netcoreapp" className="Application.Tests.EducationServiceTests" name="GetAll_With_Data_Returns_List_Of_EducationDto" />
    </UnitTest>
    <UnitTest name="Application.Tests.EducationServiceTests.GetById_With_Data_Returns_EducationDto" storage="/home/ubuntu/repos/webapi-sample-dotnet-7/tests/application.tests/bin/debug/net7.0/application.tests.dll" id="17a24114-ce25-cec4-e891-fe2eb3573f15">
      <Execution id="733d0f7e-046e-4741-a5d4-d26b4f1258f1" />
      <TestMethod codeBase="/home/ubuntu/repos/WebAPI-Sample-DotNet-7/tests/Application.Tests/bin/Debug/net7.0/Application.Tests.dll" adapterTypeName="executor://xunit/VsTestRunner2/netcoreapp" className="Application.Tests.EducationServiceTests" name="GetById_With_Data_Returns_EducationDto" />
    </UnitTest>
    <UnitTest name="Application.Tests.EducationServiceTests.Update_For_Id_Mismatch_Returns_False" storage="/home/ubuntu/repos/webapi-sample-dotnet-7/tests/application.tests/bin/debug/net7.0/application.tests.dll" id="6ce03d1b-46b5-b49e-55f9-13bf919128b8">
      <Execution id="6f710d7a-fd04-4224-90d6-467d083a7210" />
      <TestMethod codeBase="/home/ubuntu/repos/WebAPI-Sample-DotNet-7/tests/Application.Tests/bin/Debug/net7.0/Application.Tests.dll" adapterTypeName="executor://xunit/VsTestRunner2/netcoreapp" className="Application.Tests.EducationServiceTests" name="Update_For_Id_Mismatch_Returns_False" />
    </UnitTest>
    <UnitTest name="Application.Tests.EducationServiceTests.Delete_With_Existing_Id_Returns_True" storage="/home/ubuntu/repos/webapi-sample-dotnet-7/tests/application.tests/bin/debug/net7.0/application.tests.dll" id="66940fc2-ad92-f745-1fe1-4758a901f40b">
      <Execution id="db0e4725-126b-463b-9ad4-2084d4c0ce23" />
      <TestMethod codeBase="/home/ubuntu/repos/WebAPI-Sample-DotNet-7/tests/Application.Tests/bin/Debug/net7.0/Application.Tests.dll" adapterTypeName="executor://xunit/VsTestRunner2/netcoreapp" className="Application.Tests.EducationServiceTests" name="Delete_With_Existing_Id_Returns_True" />
    </UnitTest>
  </TestDefinitions>
  <TestEntries>
    <TestEntry testId="f9a238f7-fd8d-6cf5-3f54-d93d18878d6b" executionId="a41020f0-0fb4-479c-8112-28b2b629b392" testListId="8c84fa94-04c1-424b-9868-57a2d4851a1d" />
    <TestEntry testId="d667eada-a8cb-8f04-5d9d-9b262f0c83e2" executionId="0b46b158-a9d2-4e0b-b815-d87bc7a7d03e" testListId="8c84fa94-04c1-424b-9868-57a2d4851a1d" />
    <TestEntry testId="17a24114-ce25-cec4-e891-fe2eb3573f15" executionId="733d0f7e-046e-4741-a5d4-d26b4f1258f1" testListId="8c84fa94-04c1-424b-9868-57a2d4851a1d" />
    <TestEntry testId="66940fc2-ad92-f745-1fe1-4758a901f40b" executionId="db0e4725-126b-463b-9ad4-2084d4c0ce23" testListId="8c84fa94-04c1-424b-9868-57a2d4851a1d" />
    <TestEntry testId="8830f8b0-ed26-0162-f46c-8f5935ca14bb" executionId="3b7af121-bd17-48b1-8e1c-3cbd72a0ac33" testListId="8c84fa94-04c1-424b-9868-57a2d4851a1d" />
    <TestEntry testId="6ce03d1b-46b5-b49e-55f9-13bf919128b8" executionId="6f710d7a-fd04-4224-90d6-467d083a7210" testListId="8c84fa94-04c1-424b-9868-57a2d4851a1d" />
  </TestEntries>
  <TestLists>
    <TestList name="Results Not in a List" id="8c84fa94-04c1-424b-9868-57a2d4851a1d" />
    <TestList name="All Loaded Results" id="19431567-8539-422a-85d7-44ee4e166bda" />
  </TestLists>
  <ResultSummary outcome="Completed">
    <Counters total="6" executed="6" passed="6" failed="0" error="0" timeout="0" aborted="0" inconclusive="0" passedButRunAborted="0" notRunnable="0" notExecuted="0" disconnected="0" warning="0" completed="0" inProgress="0" pending="0" />
    <Output>
      <StdOut>[xUnit.net 00:00:00.00] xUnit.net VSTest Adapter v2.4.5+1caef2f33e (64-bit .NET 7.0.20)
[xUnit.net 00:00:00.61]   Discovering: Application.Tests
[xUnit.net 00:00:00.64]   Discovered:  Application.Tests
[xUnit.net 00:00:00.64]   Starting:    Application.Tests
[xUnit.net 00:00:00.92]   Finished:    Application.Tests
</StdOut>
    </Output>
  </ResultSummary>
</TestRun>